<?xml version="1.0" encoding="UTF-8"?>
<!-- Generated by org.testng.reporters.JUnitReportReporter -->
<testsuite hostname="DESKTOP-GJ9GTVO" name="HomePageTest" tests="1" failures="0" timestamp="2 Aug 2018 03:55:49 GMT" time="14.681" errors="0">
  <testcase name="testHomePage" time="14.681" classname="HomePageTest"/>
</testsuite> <!-- HomePageTest -->
