<?xml version="1.0" encoding="UTF-8"?>
<!-- Generated by org.testng.reporters.JUnitReportReporter -->
<testsuite hostname="DESKTOP-GJ9GTVO" name="Lsitner_LC.WebTest" tests="4" failures="0" timestamp="15 Oct 2018 00:09:33 GMT" time="16.164" errors="0">
  <testcase name="addAddressBook" time="6.062" classname="Lsitner_LC.WebTest"/>
  <testcase name="deleteAddressBook" time="6.858" classname="Lsitner_LC.WebTest"/>
  <testcase name="updateAddressBook" time="0.982" classname="Lsitner_LC.WebTest"/>
  <testcase name="TestWeb" time="2.262" classname="Lsitner_LC.WebTest"/>
</testsuite> <!-- Lsitner_LC.WebTest -->
