<?xml version="1.0" encoding="UTF-8"?>
<!-- Generated by org.testng.reporters.JUnitReportReporter -->
<testsuite hostname="DESKTOP-GJ9GTVO" name="TestCommodityForm" tests="1" failures="0" timestamp="6 Aug 2018 03:07:46 GMT" time="14.617" errors="0">
  <testcase name="test_Commodity_Details" time="14.617" classname="TestCommodityForm"/>
</testsuite> <!-- TestCommodityForm -->
